<?xml version="1.0" encoding="UTF-8"?>
<testng-results ignored="0" total="0" passed="0" failed="0" skipped="0">
  <reporter-output>
  </reporter-output>
  <suite started-at="2022-09-25T11:13:28 CDT" name="Command line suite" finished-at="2022-09-25T11:13:28 CDT" duration-ms="9">
    <groups>
    </groups>
    <test started-at="2022-09-25T11:13:28 CDT" name="Command line test" finished-at="2022-09-25T11:13:28 CDT" duration-ms="9">
    </test> <!-- Command line test -->
  </suite> <!-- Command line suite -->
</testng-results>
