<?xml version="1.0" encoding="UTF-8"?>
<!-- Generated by org.testng.reporters.JUnitXMLReporter -->
<testsuite ignored="4" hostname="DESKTOP-4O6QNOC" failures="1" tests="1" name="Regression(failed)" time="5.824" errors="0" timestamp="2022-09-29T01:01:36 CDT">
  <testcase classname="salesForceNew.test.tests.AutomationScripts" name="salesforceTest4A" time="1.028">
    <failure type="java.lang.NullPointerException" message="Cannot invoke &amp;quot;salesForceNew.test.utility.GenerateReports.logTestpassed(String)&amp;quot; because &amp;quot;salesForceNew.test.base.BaseBrowserTest.report&amp;quot; is null">
      <![CDATA[java.lang.NullPointerException: Cannot invoke "salesForceNew.test.utility.GenerateReports.logTestpassed(String)" because "salesForceNew.test.base.BaseBrowserTest.report" is null
at salesForceNew.test.base.BaseBrowserTest.forgotPw_loginPage(BaseBrowserTest.java:191)
at salesForceNew.test.tests.AutomationScripts.salesforceTest4A(AutomationScripts.java:77)
at java.base/java.util.ArrayList.forEach(ArrayList.java:1511)
... Removed 25 stack frames]]>
    </failure>
  </testcase> <!-- salesforceTest4A -->
  <testcase classname="salesForceNew.test.tests.AutomationScripts" name="salesforceTest3" time="0.0">
    <ignored/>
  </testcase> <!-- salesforceTest3 -->
  <testcase classname="salesForceNew.test.tests.AutomationScripts" name="salesforceTest1" time="0.0">
    <ignored/>
  </testcase> <!-- salesforceTest1 -->
  <testcase classname="salesForceNew.test.tests.AutomationScripts" name="salesforceTest2" time="0.0">
    <ignored/>
  </testcase> <!-- salesforceTest2 -->
  <testcase classname="salesForceNew.test.tests.AutomationScripts" name="salesforceTest4B" time="0.0">
    <ignored/>
  </testcase> <!-- salesforceTest4B -->
</testsuite> <!-- Regression(failed) -->
