<?xml version="1.0" encoding="UTF-8"?>
<!-- Generated by org.testng.reporters.JUnitXMLReporter -->
<testsuite ignored="37" hostname="DESKTOP-4O6QNOC" failures="0" tests="1" name="Regression" time="22.268" errors="0" timestamp="2022-10-01T22:48:52 CDT">
  <testcase classname="salesForceNew.test.tests.AutomationScripts" name="salesforceTC06" time="19.466"/>
  <testcase classname="salesForceNew.test.tests.AutomationScripts" name="salesforceTC09" time="0.0">
    <ignored/>
  </testcase> <!-- salesforceTC09 -->
  <testcase classname="salesForceNew.test.tests.AutomationScripts" name="salesforceTC28" time="0.0">
    <ignored/>
  </testcase> <!-- salesforceTC28 -->
  <testcase classname="salesForceNew.test.tests.AutomationScripts" name="salesforceTC25" time="0.0">
    <ignored/>
  </testcase> <!-- salesforceTC25 -->
  <testcase classname="salesForceNew.test.tests.AutomationScripts" name="salesforceTC08" time="0.0">
    <ignored/>
  </testcase> <!-- salesforceTC08 -->
  <testcase classname="salesForceNew.test.tests.AutomationScripts" name="salesforceTC05" time="0.0">
    <ignored/>
  </testcase> <!-- salesforceTC05 -->
  <testcase classname="salesForceNew.test.tests.AutomationScripts" name="salesforceTC27" time="0.0">
    <ignored/>
  </testcase> <!-- salesforceTC27 -->
  <testcase classname="salesForceNew.test.tests.AutomationScripts" name="salesforceTC24" time="0.0">
    <ignored/>
  </testcase> <!-- salesforceTC24 -->
  <testcase classname="salesForceNew.test.tests.AutomationScripts" name="salesforceTC26" time="0.0">
    <ignored/>
  </testcase> <!-- salesforceTC26 -->
  <testcase classname="salesForceNew.test.tests.AutomationScripts" name="salesforceTC4B" time="0.0">
    <ignored/>
  </testcase> <!-- salesforceTC4B -->
  <testcase classname="salesForceNew.test.tests.AutomationScripts" name="salesforceTC4A" time="0.0">
    <ignored/>
  </testcase> <!-- salesforceTC4A -->
  <testcase classname="salesForceNew.test.tests.AutomationScripts" name="salesforceTC21" time="0.0">
    <ignored/>
  </testcase> <!-- salesforceTC21 -->
  <testcase classname="salesForceNew.test.tests.AutomationScripts" name="salesforceTC23" time="0.0">
    <ignored/>
  </testcase> <!-- salesforceTC23 -->
  <testcase classname="salesForceNew.test.tests.AutomationScripts" name="salesforceTC20" time="0.0">
    <ignored/>
  </testcase> <!-- salesforceTC20 -->
  <testcase classname="salesForceNew.test.tests.AutomationScripts" name="salesforceTC22" time="0.0">
    <ignored/>
  </testcase> <!-- salesforceTC22 -->
  <testcase classname="salesForceNew.test.tests.AutomationScripts" name="salesforceTC18" time="0.0">
    <ignored/>
  </testcase> <!-- salesforceTC18 -->
  <testcase classname="salesForceNew.test.tests.AutomationScripts" name="salesforceTC2" time="0.0">
    <ignored/>
  </testcase> <!-- salesforceTC2 -->
  <testcase classname="salesForceNew.test.tests.AutomationScripts" name="salesforceTC17" time="0.0">
    <ignored/>
  </testcase> <!-- salesforceTC17 -->
  <testcase classname="salesForceNew.test.tests.AutomationScripts" name="salesforceTC14" time="0.0">
    <ignored/>
  </testcase> <!-- salesforceTC14 -->
  <testcase classname="salesForceNew.test.tests.AutomationScripts" name="salesforceTC36" time="0.0">
    <ignored/>
  </testcase> <!-- salesforceTC36 -->
  <testcase classname="salesForceNew.test.tests.AutomationScripts" name="salesforceTC19" time="0.0">
    <ignored/>
  </testcase> <!-- salesforceTC19 -->
  <testcase classname="salesForceNew.test.tests.AutomationScripts" name="salesforceTC1" time="0.0">
    <ignored/>
  </testcase> <!-- salesforceTC1 -->
  <testcase classname="salesForceNew.test.tests.AutomationScripts" name="salesforceTC16" time="0.0">
    <ignored/>
  </testcase> <!-- salesforceTC16 -->
  <testcase classname="salesForceNew.test.tests.AutomationScripts" name="salesforceTC13" time="0.0">
    <ignored/>
  </testcase> <!-- salesforceTC13 -->
  <testcase classname="salesForceNew.test.tests.AutomationScripts" name="salesforceTC35" time="0.0">
    <ignored/>
  </testcase> <!-- salesforceTC35 -->
  <testcase classname="salesForceNew.test.tests.AutomationScripts" name="salesforceTC15" time="0.0">
    <ignored/>
  </testcase> <!-- salesforceTC15 -->
  <testcase classname="salesForceNew.test.tests.AutomationScripts" name="salesforceTC37" time="0.0">
    <ignored/>
  </testcase> <!-- salesforceTC37 -->
  <testcase classname="salesForceNew.test.tests.AutomationScripts" name="salesforceTC10" time="0.0">
    <ignored/>
  </testcase> <!-- salesforceTC10 -->
  <testcase classname="salesForceNew.test.tests.AutomationScripts" name="salesforceTC32" time="0.0">
    <ignored/>
  </testcase> <!-- salesforceTC32 -->
  <testcase classname="salesForceNew.test.tests.AutomationScripts" name="salesforceTC12" time="0.0">
    <ignored/>
  </testcase> <!-- salesforceTC12 -->
  <testcase classname="salesForceNew.test.tests.AutomationScripts" name="salesforceTC34" time="0.0">
    <ignored/>
  </testcase> <!-- salesforceTC34 -->
  <testcase classname="salesForceNew.test.tests.AutomationScripts" name="salesforceTC31" time="0.0">
    <ignored/>
  </testcase> <!-- salesforceTC31 -->
  <testcase classname="salesForceNew.test.tests.AutomationScripts" name="salesforceTC11" time="0.0">
    <ignored/>
  </testcase> <!-- salesforceTC11 -->
  <testcase classname="salesForceNew.test.tests.AutomationScripts" name="salesforceTC33" time="0.0">
    <ignored/>
  </testcase> <!-- salesforceTC33 -->
  <testcase classname="salesForceNew.test.tests.AutomationScripts" name="salesforceTC30" time="0.0">
    <ignored/>
  </testcase> <!-- salesforceTC30 -->
  <testcase classname="salesForceNew.test.tests.AutomationScripts" name="salesforceTC07" time="0.0">
    <ignored/>
  </testcase> <!-- salesforceTC07 -->
  <testcase classname="salesForceNew.test.tests.AutomationScripts" name="salesforceTC29" time="0.0">
    <ignored/>
  </testcase> <!-- salesforceTC29 -->
  <testcase classname="salesForceNew.test.tests.AutomationScripts" name="salesforceTC3" time="0.0">
    <ignored/>
  </testcase> <!-- salesforceTC3 -->
</testsuite> <!-- Regression -->
