<?xml version="1.0" encoding="UTF-8"?>
<!-- Generated by org.testng.reporters.JUnitXMLReporter -->
<testsuite ignored="4" hostname="DESKTOP-4O6QNOC" failures="0" tests="1" name="Regression" time="15.646" errors="0" timestamp="2022-09-29T22:11:39 CDT">
  <testcase classname="salesForceNew.test.tests.AutomationScripts" name="salesforceTest2" time="8.356"/>
  <testcase classname="salesForceNew.test.tests.AutomationScripts" name="salesforceTest3" time="0.0">
    <ignored/>
  </testcase> <!-- salesforceTest3 -->
  <testcase classname="salesForceNew.test.tests.AutomationScripts" name="salesforceTest1" time="0.0">
    <ignored/>
  </testcase> <!-- salesforceTest1 -->
  <testcase classname="salesForceNew.test.tests.AutomationScripts" name="salesforceTest4B" time="0.0">
    <ignored/>
  </testcase> <!-- salesforceTest4B -->
  <testcase classname="salesForceNew.test.tests.AutomationScripts" name="salesforceTest4A" time="0.0">
    <ignored/>
  </testcase> <!-- salesforceTest4A -->
</testsuite> <!-- Regression -->
