<?xml version="1.0" encoding="UTF-8"?>
<testng-results ignored="37" total="38" passed="1" failed="0" skipped="0">
  <reporter-output>
  </reporter-output>
  <suite started-at="2022-10-01T22:48:30 CDT" name="Suite" finished-at="2022-10-01T22:48:52 CDT" duration-ms="22268">
    <groups>
    </groups>
    <test started-at="2022-10-01T22:48:30 CDT" name="Regression" finished-at="2022-10-01T22:48:52 CDT" duration-ms="22268">
      <class name="salesForceNew.test.tests.AutomationScripts">
        <test-method is-config="true" signature="setupBeforeTest()[pri:0, instance:salesForceNew.test.tests.AutomationScripts@479460a6]" started-at="2022-10-01T22:48:30 CDT" name="setupBeforeTest" finished-at="2022-10-01T22:48:30 CDT" duration-ms="133" status="PASS">
          <reporter-output>
          </reporter-output>
        </test-method> <!-- setupBeforeTest -->
        <test-method is-config="true" signature="setUp(java.lang.String,java.lang.reflect.Method)[pri:0, instance:salesForceNew.test.tests.AutomationScripts@479460a6]" started-at="2022-10-01T22:48:30 CDT" name="setUp" finished-at="2022-10-01T22:48:32 CDT" duration-ms="2201" status="PASS">
          <params>
            <param index="0">
              <value>
                <![CDATA[chrome]]>
              </value>
            </param>
            <param index="1">
              <value>
                <![CDATA[public static void salesForceNew.test.tests.AutomationScripts.salesforceTC06() throws java.lang.Exception]]>
              </value>
            </param>
          </params>
          <reporter-output>
          </reporter-output>
        </test-method> <!-- setUp -->
        <test-method signature="salesforceTC06()[pri:0, instance:salesForceNew.test.tests.AutomationScripts@479460a6]" started-at="2022-10-01T22:48:32 CDT" name="salesforceTC06" finished-at="2022-10-01T22:48:52 CDT" duration-ms="19466" status="PASS">
          <reporter-output>
          </reporter-output>
        </test-method> <!-- salesforceTC06 -->
        <test-method is-config="true" signature="tearDown()[pri:0, instance:salesForceNew.test.tests.AutomationScripts@479460a6]" started-at="2022-10-01T22:48:52 CDT" name="tearDown" finished-at="2022-10-01T22:48:52 CDT" duration-ms="145" status="PASS">
          <reporter-output>
          </reporter-output>
        </test-method> <!-- tearDown -->
        <test-method is-config="true" signature="teardownAfterTest()[pri:0, instance:salesForceNew.test.tests.AutomationScripts@479460a6]" started-at="2022-10-01T22:48:52 CDT" name="teardownAfterTest" finished-at="2022-10-01T22:48:52 CDT" duration-ms="287" status="PASS">
          <reporter-output>
          </reporter-output>
        </test-method> <!-- teardownAfterTest -->
      </class> <!-- salesForceNew.test.tests.AutomationScripts -->
    </test> <!-- Regression -->
  </suite> <!-- Suite -->
</testng-results>
